<?xml version="1.0" encoding="UTF-8"?>
<!-- Generated by org.testng.reporters.JUnitReportReporter -->
<testsuite hostname="DESKTOP-OP86SSF" failures="0" tests="1" name="testcases.Devnagri_testcase" time="13.718" errors="0" timestamp="2024-07-05T17:56:30 IST" skipped="0">
  <testcase classname="testcases.Devnagri_testcase" name="Devnagri_register" time="13.718"/>
  <system-out/>
</testsuite> <!-- testcases.Devnagri_testcase -->
