<?xml version="1.0" encoding="UTF-8"?>
<!-- Generated by org.testng.reporters.JUnitReportReporter -->
<testsuite hostname="DESKTOP-OP86SSF" failures="0" tests="1" name="testcases.DevNagri_TestCases" time="4.297" errors="0" timestamp="2024-07-05T17:04:06 IST" skipped="0">
  <testcase classname="testcases.DevNagri_TestCases" name="Devnagri_register" time="4.297"/>
  <system-out/>
</testsuite> <!-- testcases.DevNagri_TestCases -->
