<?xml version="1.0" encoding="UTF-8"?>
<!-- Generated by org.testng.reporters.JUnitReportReporter -->
<testsuite hostname="DESKTOP-OP86SSF" failures="0" tests="1" name="testcases.LoginPageTest" time="8.357" errors="0" timestamp="2024-06-27T13:28:16 IST" skipped="0">
  <testcase classname="testcases.LoginPageTest" name="verifytitleofApplicationTest" time="8.357"/>
  <system-out/>
</testsuite> <!-- testcases.LoginPageTest -->
