<?xml version="1.0" encoding="UTF-8"?>
<!-- Generated by org.testng.reporters.JUnitReportReporter -->
<testsuite hostname="DESKTOP-OP86SSF" failures="0" tests="3" name="testcases.LoginPageTest" time="24.527" errors="0" timestamp="2024-07-08T17:00:15 IST" skipped="0">
  <testcase classname="testcases.LoginPageTest" name="loginToApplicationTest" time="7.402"/>
  <system-out/>
  <testcase classname="testcases.LoginPageTest" name="verifytitleofApplicationTest" time="11.114"/>
  <system-out/>
  <testcase classname="testcases.LoginPageTest" name="verifyURlofApplication" time="6.011"/>
  <system-out/>
</testsuite> <!-- testcases.LoginPageTest -->
